USAGE: ./time.sh <FILENAME> <MEMORY_SIZE>

Running FCFS on input/keyboard.in. Memory size 200.

time 0, 1 running, numprocesses=1, numholes=1, memusage=50%
time 250, 2 running, numprocesses=2, numholes=1, memusage=53%
time 255, 3 running, numprocesses=2, numholes=1, memusage=53%
time 270, 1 running, numprocesses=1, numholes=1, memusage=50%
time 540, 1 running, numprocesses=1, numholes=1, memusage=50%
time 545, simulation finished.

Running rr on input/keyboard.in. Memory size 200.

time 0, 1 running, numprocesses=1, numholes=1, memusage=50%
time 8, 1 running, numprocesses=1, numholes=1, memusage=50%
time 16, 2 running, numprocesses=2, numholes=1, memusage=53%
time 21, 1 running, numprocesses=1, numholes=1, memusage=50%
time 29, 1 running, numprocesses=1, numholes=1, memusage=50%
time 37, 1 running, numprocesses=1, numholes=1, memusage=50%
time 45, 1 running, numprocesses=1, numholes=1, memusage=50%
time 53, 1 running, numprocesses=1, numholes=1, memusage=50%
time 61, 1 running, numprocesses=1, numholes=1, memusage=50%
time 69, 1 running, numprocesses=1, numholes=1, memusage=50%
time 77, 1 running, numprocesses=1, numholes=1, memusage=50%
time 85, 1 running, numprocesses=1, numholes=1, memusage=50%
time 93, 3 running, numprocesses=2, numholes=1, memusage=53%
time 98, 1 running, numprocesses=1, numholes=1, memusage=50%
time 106, 1 running, numprocesses=1, numholes=1, memusage=50%
time 114, 1 running, numprocesses=1, numholes=1, memusage=50%
time 122, 1 running, numprocesses=1, numholes=1, memusage=50%
time 130, 1 running, numprocesses=1, numholes=1, memusage=50%
time 138, 1 running, numprocesses=1, numholes=1, memusage=50%
time 146, 1 running, numprocesses=1, numholes=1, memusage=50%
time 154, 1 running, numprocesses=1, numholes=1, memusage=50%
time 162, 1 running, numprocesses=1, numholes=1, memusage=50%
time 170, 1 running, numprocesses=1, numholes=1, memusage=50%
time 178, 1 running, numprocesses=1, numholes=1, memusage=50%
time 186, 1 running, numprocesses=1, numholes=1, memusage=50%
time 194, 1 running, numprocesses=1, numholes=1, memusage=50%
time 202, 1 running, numprocesses=1, numholes=1, memusage=50%
time 210, 1 running, numprocesses=1, numholes=1, memusage=50%
time 218, 1 running, numprocesses=1, numholes=1, memusage=50%
time 226, 1 running, numprocesses=1, numholes=1, memusage=50%
time 234, 1 running, numprocesses=1, numholes=1, memusage=50%
time 242, 1 running, numprocesses=1, numholes=1, memusage=50%
time 250, 1 running, numprocesses=1, numholes=1, memusage=50%
time 258, 1 running, numprocesses=1, numholes=1, memusage=50%
time 280, 1 running, numprocesses=1, numholes=1, memusage=50%
time 288, 1 running, numprocesses=1, numholes=1, memusage=50%
time 296, 1 running, numprocesses=1, numholes=1, memusage=50%
time 304, 1 running, numprocesses=1, numholes=1, memusage=50%
time 312, 1 running, numprocesses=1, numholes=1, memusage=50%
time 320, 1 running, numprocesses=1, numholes=1, memusage=50%
time 328, 1 running, numprocesses=1, numholes=1, memusage=50%
time 336, 1 running, numprocesses=1, numholes=1, memusage=50%
time 344, 1 running, numprocesses=1, numholes=1, memusage=50%
time 352, 1 running, numprocesses=1, numholes=1, memusage=50%
time 360, 1 running, numprocesses=1, numholes=1, memusage=50%
time 368, 1 running, numprocesses=1, numholes=1, memusage=50%
time 376, 1 running, numprocesses=1, numholes=1, memusage=50%
time 384, 1 running, numprocesses=1, numholes=1, memusage=50%
time 392, 1 running, numprocesses=1, numholes=1, memusage=50%
time 400, 1 running, numprocesses=1, numholes=1, memusage=50%
time 408, 1 running, numprocesses=1, numholes=1, memusage=50%
time 416, 1 running, numprocesses=1, numholes=1, memusage=50%
time 424, 1 running, numprocesses=1, numholes=1, memusage=50%
time 432, 1 running, numprocesses=1, numholes=1, memusage=50%
time 440, 1 running, numprocesses=1, numholes=1, memusage=50%
time 448, 1 running, numprocesses=1, numholes=1, memusage=50%
time 456, 1 running, numprocesses=1, numholes=1, memusage=50%
time 464, 1 running, numprocesses=1, numholes=1, memusage=50%
time 472, 1 running, numprocesses=1, numholes=1, memusage=50%
time 480, 1 running, numprocesses=1, numholes=1, memusage=50%
time 488, 1 running, numprocesses=1, numholes=1, memusage=50%
time 496, 1 running, numprocesses=1, numholes=1, memusage=50%
time 504, 1 running, numprocesses=1, numholes=1, memusage=50%
time 512, 1 running, numprocesses=1, numholes=1, memusage=50%
time 520, 1 running, numprocesses=1, numholes=1, memusage=50%
time 528, 1 running, numprocesses=1, numholes=1, memusage=50%
time 550, 1 running, numprocesses=1, numholes=1, memusage=50%
time 555, simulation finished.

Running multi-level-feedback- NO PREEMPT on input/keyboard.in. Memory size 200.

time 0, 1 running, numprocesses=1, numholes=1, memusage=50%
time 4, 1 running, numprocesses=1, numholes=1, memusage=50%
time 12, 2 running, numprocesses=2, numholes=1, memusage=53%
time 16, 2 running, numprocesses=2, numholes=1, memusage=53%
time 17, 1 running, numprocesses=1, numholes=1, memusage=50%
time 33, 1 running, numprocesses=1, numholes=1, memusage=50%
time 49, 1 running, numprocesses=1, numholes=1, memusage=50%
time 65, 1 running, numprocesses=1, numholes=1, memusage=50%
time 81, 1 running, numprocesses=1, numholes=1, memusage=50%
time 97, 3 running, numprocesses=2, numholes=1, memusage=53%
time 101, 3 running, numprocesses=2, numholes=1, memusage=53%
time 102, 1 running, numprocesses=1, numholes=1, memusage=50%
time 118, 1 running, numprocesses=1, numholes=1, memusage=50%
time 134, 1 running, numprocesses=1, numholes=1, memusage=50%
time 150, 1 running, numprocesses=1, numholes=1, memusage=50%
time 166, 1 running, numprocesses=1, numholes=1, memusage=50%
time 182, 1 running, numprocesses=1, numholes=1, memusage=50%
time 198, 1 running, numprocesses=1, numholes=1, memusage=50%
time 214, 1 running, numprocesses=1, numholes=1, memusage=50%
time 230, 1 running, numprocesses=1, numholes=1, memusage=50%
time 246, 1 running, numprocesses=1, numholes=1, memusage=50%
time 280, 1 running, numprocesses=1, numholes=1, memusage=50%
time 288, 1 running, numprocesses=1, numholes=1, memusage=50%
time 304, 1 running, numprocesses=1, numholes=1, memusage=50%
time 320, 1 running, numprocesses=1, numholes=1, memusage=50%
time 336, 1 running, numprocesses=1, numholes=1, memusage=50%
time 352, 1 running, numprocesses=1, numholes=1, memusage=50%
time 368, 1 running, numprocesses=1, numholes=1, memusage=50%
time 384, 1 running, numprocesses=1, numholes=1, memusage=50%
time 400, 1 running, numprocesses=1, numholes=1, memusage=50%
time 416, 1 running, numprocesses=1, numholes=1, memusage=50%
time 432, 1 running, numprocesses=1, numholes=1, memusage=50%
time 448, 1 running, numprocesses=1, numholes=1, memusage=50%
time 464, 1 running, numprocesses=1, numholes=1, memusage=50%
time 480, 1 running, numprocesses=1, numholes=1, memusage=50%
time 496, 1 running, numprocesses=1, numholes=1, memusage=50%
time 512, 1 running, numprocesses=1, numholes=1, memusage=50%
time 528, 1 running, numprocesses=1, numholes=1, memusage=50%
time 550, 1 running, numprocesses=1, numholes=1, memusage=50%
time 555, simulation finished.

Running PREEMPT mlfq on input/keyboard.in. Memory size 200 

time 0, 1 running, numprocesses=1, numholes=1, memusage=50%
time 4, 1 running, numprocesses=1, numholes=1, memusage=50%
time 10, 2 running, numprocesses=2, numholes=1, memusage=53%
time 14, 1 running, numprocesses=2, numholes=1, memusage=53%
time 22, 2 running, numprocesses=2, numholes=1, memusage=53%
time 23, 1 running, numprocesses=1, numholes=1, memusage=50%
time 55, 1 running, numprocesses=1, numholes=1, memusage=50%
time 87, 1 running, numprocesses=1, numholes=1, memusage=50%
time 90, 3 running, numprocesses=2, numholes=1, memusage=53%
time 94, 3 running, numprocesses=2, numholes=1, memusage=53%
time 95, 1 running, numprocesses=1, numholes=1, memusage=50%
time 127, 1 running, numprocesses=1, numholes=1, memusage=50%
time 159, 1 running, numprocesses=1, numholes=1, memusage=50%
time 191, 1 running, numprocesses=1, numholes=1, memusage=50%
time 223, 1 running, numprocesses=1, numholes=1, memusage=50%
time 255, 1 running, numprocesses=1, numholes=1, memusage=50%
time 280, 1 running, numprocesses=1, numholes=1, memusage=50%
time 288, 1 running, numprocesses=1, numholes=1, memusage=50%
time 320, 1 running, numprocesses=1, numholes=1, memusage=50%
time 352, 1 running, numprocesses=1, numholes=1, memusage=50%
time 384, 1 running, numprocesses=1, numholes=1, memusage=50%
time 416, 1 running, numprocesses=1, numholes=1, memusage=50%
time 448, 1 running, numprocesses=1, numholes=1, memusage=50%
time 480, 1 running, numprocesses=1, numholes=1, memusage=50%
time 512, 1 running, numprocesses=1, numholes=1, memusage=50%
time 550, 1 running, numprocesses=1, numholes=1, memusage=50%
time 555, simulation finished.
