Tue Jun 18 19:56:48 2013: Main: POP3 Server Started: : 
Tue Jun 18 19:56:52 2013: Main: New Connection: : 
Tue Jun 18 19:56:57 2013: POP: No Auth: USER: user1
Tue Jun 18 19:56:59 2013: POP: No Auth: PASS: 23a
Tue Jun 18 19:57:00 2013: POP: No Auth: QUIT: 
Tue Jun 18 19:57:01 2013: Main: New Connection: : 
Tue Jun 18 20:02:13 2013: POP: No Auth: QUIT: 
Tue Jun 18 20:02:18 2013: Main: New Connection: : 
Tue Jun 18 20:02:22 2013: Main: New Connection: : 
Tue Jun 18 20:02:26 2013: Main: New Connection: : 
Tue Jun 18 20:02:31 2013: Main: New Connection: : 
Tue Jun 18 20:03:49 2013: POP: No Auth: QUIT: 
Tue Jun 18 20:03:55 2013: Main: New Connection: : 
Tue Jun 18 20:03:55 2013: Main: New Connection: : 
Tue Jun 18 20:03:56 2013: Main: New Connection: : 
Tue Jun 18 20:03:56 2013: Main: New Connection: : 
Tue Jun 18 20:03:56 2013: Main: New Connection: : 
Tue Jun 18 20:03:56 2013: Main: New Connection: : 
Tue Jun 18 20:03:57 2013: Main: New Connection: : 
Tue Jun 18 20:03:57 2013: Main: New Connection: : 
